This file contains any messages produced by compilers while
running configure, to aid debugging if configure makes a mistake.

It was created by libffi configure 3.2.1, which was
generated by GNU Autoconf 2.69.  Invocation command line was

  $ ../configure --host=x86_64-linux-gnu --build=x86_64-linux-gnu --prefix=/usr --mandir=${prefix}/share/man --infodir=${prefix}/share/info --enable-pax_emutramp CC=x86_64-linux-gnu-gcc CXX=x86_64-linux-gnu-g++ CPPFLAGS=-Wdate-time -D_FORTIFY_SOURCE=2 CFLAGS=-g -O2 -fdebug-prefix-map=/dev/shm/python3.7/python3/clean/python3.7/ffi/libffi-3.2.1=. -Wformat -march=native -pipe -Wformat-security CCASFLAGS=-g -O2 -fdebug-prefix-map=/dev/shm/python3.7/python3/clean/python3.7/ffi/libffi-3.2.1=. -Wformat -march=native -pipe -Wformat-security -Wa,--gdwarf-2 LDFLAGS=-Wl,-z,defs 

## --------- ##
## Platform. ##
## --------- ##

hostname = server
uname -m = x86_64
uname -r = 4.18.0-2-amd64
uname -s = Linux
uname -v = #1 SMP Debian 4.18.10-2 (2018-11-02)

/usr/bin/uname -p = unknown
/bin/uname -X     = unknown

/bin/arch              = unknown
/usr/bin/arch -k       = unknown
/usr/convex/getsysinfo = unknown
/usr/bin/hostinfo      = unknown
/bin/machine           = unknown
/usr/bin/oslevel       = unknown
/bin/universe          = unknown

PATH: /usr/local/bin
PATH: /opt/intel/compilers_and_libraries/linux/pkg_bin/intel64
PATH: /usr/sbin
PATH: /usr/bin
PATH: /sbin
PATH: /bin
PATH: /usr/bin/X11


## ----------- ##
## Core tests. ##
## ----------- ##

configure:2635: loading site script /usr/share/config.site
| # BASH
| #: ${CONFIG_SITE:?CONFIG_SITE not set}
| 
| [[ :$LD_LIBRARY_PATH: != *":/opt/intel/tbb/lib/intel64/gcc4.7:"* ]] && LD_LIBRARY_PATH=/opt/intel/tbb/lib/intel64/gcc4.7:$LD_LIBRARY_PATH
| [[ :$LD_LIBRARY_PATH: != *":/opt/intel/compilers_and_libraries/linux/mpi/intel64/lib:"* ]] && LD_LIBRARY_PATH=/opt/intel/compilers_and_libraries/linux/mpi/intel64/lib:$LD_LIBRARY_PATH
| [[ :$LD_LIBRARY_PATH: != *":/opt/intel/compilers_and_libraries/linux/mpi/intel64/lib/release:"* ]] && LD_LIBRARY_PATH=/opt/intel/compilers_and_libraries/linux/mpi/intel64/lib/release:$LD_LIBRARY_PATH
| [[ :$LD_LIBRARY_PATH: != *":/opt/intel/compilers_and_libraries/linux/mpi/intel64/libfabric/lib:"* ]] && LD_LIBRARY_PATH=/opt/intel/compilers_and_libraries/linux/mpi/intel64/libfabric/lib:$LD_LIBRARY_PATH
| [[ :$LD_LIBRARY_PATH: != *":/opt/intel/lib/intel64:"* ]] && LD_LIBRARY_PATH=/opt/intel/lib/intel64:$LD_LIBRARY_PATH
| 
| FI_PROVIDER_PATH=/opt/intel/compilers_and_libraries/linux/mpi/intel64/libfabric/lib/prov
| 
| [[ :$CLASSPATH: != *":/opt/intel/compilers_and_libraries/linux/mpi/intel64/lib/mpi.jar:"* ]] && CLASSPATH=/opt/intel/compilers_and_libraries/linux/mpi/intel64/lib/mpi.jar:$CLASSPATH
| 
| [[ :$CPATH: != *":/opt/intel/tbb/include:"* ]] && CPATH=/opt/intel/tbb/include:$CPATH
| [[ :$CPATH: != *":/opt/intel/pstl/include:"* ]] && CPATH=/opt/intel/pstl/include:$CPATH
| 
| 
| NLSPATH=/opt/intel/lib/intel64/locale/en_US/%N
| 
| [[ :$LIBRARY_PATH: != *":/opt/intel/tbb/lib/intel64/gcc4.7:"* ]] && LIBRARY_PATH=/opt/intel/tbb/lib/intel64/gcc4.7:$LIBRARY_PATH
| [[ :$LIBRARY_PATH: != *":/opt/intel/compilers_and_libraries/linux/mpi/intel64/libfabric/lib:"* ]] && LIBRARY_PATH=/opt/intel/compilers_and_libraries/linux/mpi/intel64/libfabric/lib:$LIBRARY_PATH
| 
| PSTLROOT=/opt/intel/pstl
| [[ :$PATH: != *":/opt/intel/parallel_studio_xe_2019/bin:"* ]] && PATH=$PATH:/opt/intel/parallel_studio_xe_2019/bin
| [[ :$PATH: != *":/opt/intel/compilers_and_libraries/linux/mpi/intel64/bin:"* ]] && PATH=/opt/intel/compilers_and_libraries/linux/mpi/intel64/bin:$PATH
| [[ :$PATH: != *":/opt/intel/compilers_and_libraries/linux/mpi/intel64/libfabric/bin:"* ]] && PATH=/opt/intel/compilers_and_libraries/linux/mpi/intel64/libfabric/bin:$PATH
| [[ :$PATH: != *":/opt/intel/compilers_and_libraries/linux/pkg_bin/intel64:"* ]] && PATH=/opt/intel/compilers_and_libraries/linux/pkg_bin/intel64:$PATH
| 
| TBBROOT=/opt/intel/tbb
| I_MPI_ROOT=/opt/intel/compilers_and_libraries/linux/mpi
| INTEL_LICENSE_FILE=/opt/intel/licenses
| 
| CC=icc.pl
| CXX=icpc.pl
| LTCC=icc.pl
| LTCXX=icpc.pl
| LANGUAGE=C
| LC_ALL=C
| 
| CPP='icc.pl -E'
| CXXCPP='icpc.pl -E'
| 
| INSTALL=/usr/bin/install
| 
| MKDIR_P='/bin/mkdir -p'
| 
| AWK=/usr/bin/gawk
| 
| AS=/usr/bin/x86_64-linux-gnu-as
| AR=xiar.pl
| #RANLIB='xiar s'
| MAGIC_CMD=/usr/bin/file
| CONFIG_SHELL=/bin/bash
| ECHO='/usr/bin/printf %s\n'
| ECHO_T='	' # assuming shell is BASH! if zsh we define ECHO_C=\c
| EGREP='/bin/grep -E'
| FGREP='/bin/grep -F'
| GCC=yes
| GCC_CXX=yes
| GREP=/bin/grep
| #LD='xild -m elf_x86_64'
| LN_S='ln -s'
| NM='/usr/bin/x86_64-linux-gnu-nm -B'
| OBJDUMP=/usr/bin/x86_64-linux-gnu-objdump
| PERL=/usr/bin/perl
| PKG_CONFIG=/usr/bin/pkg-config
| SED=/bin/sed
| SHELL=/bin/bash
| STRIP=/usr/bin/x86_64-linux-gnu-strip
| Xsed='/bin/sed -e 1s/^X//'
| YACC='/usr/bin/bison -y'
| CC_FOR_BUILD=icc.pl
| CXX_FOR_BUILD=icpc.pl
| 
| CPP_FOR_BUILD='icc.pl -E'
| CXXCPP_FOR_BUILD='icpc.pl -E'
| 
| ax_cv_c_float_words_bigendian=no
| 
| 
| 
| # BASH=/bin/bash
| # CONFIG_STATUS=./config.status
| # DEFS=-DHAVE_CONFIG_H
| # DUALCASE=1
| ECHO_N=-n
| ECHO_T='	'
| EGREP='/bin/grep -E'
| EXEEXT=
| GCC=yes
| GREP=/bin/grep
| # HOSTNAME=server
| HOSTTYPE=x86_64
| 
| INSTALL='/usr/bin/install'
| INSTALL_DATA='${INSTALL} -m 644'
| INSTALL_PROGRAM='${INSTALL}'
| INSTALL_SCRIPT='${INSTALL}'
| # LIBOBJS=
| # LTLIBOBJS=
| MACHTYPE=x86_64-pc-linux-gnu
| MAKEFLAGS='-l 8'
| OBJEXT=o
| # OPTERR=1
| # OPTIND=1
| OSTYPE=linux-gnu
| # PACKAGE_BUGREPORT=
| # PACKAGE_NAME=
| # PACKAGE_STRING=
| # PACKAGE_TARNAME=
| # PACKAGE_URL=
| # PACKAGE_VERSION=
| PATH_SEPARATOR=:
| POSIXLY_CORRECT=y
| RANLIB=/usr/bin/x86_64-linux-gnu-ranlib
| 
| ac_build_alias=x86_64-pc-linux-gnu
| 
| ac_ct_AR=xiar.pl
| ac_ct_CC=icc.pl
| ac_ct_RANLIB=x86_64-linux-gnu-ranlib
| ac_cv_build=x86_64-pc-linux-gnu
| ac_cv_c_bigendian=no
| ac_cv_c_compiler_clang=no
| ac_cv_c_compiler_gnu=yes
| ac_cv_func_asprintf=yes
| ac_cv_func_gethostname=yes
| ac_cv_func_getopt_long=yes
| ac_cv_func_getpwuid=yes
| ac_cv_func_gettimeofday=yes
| ac_cv_func_mkstemp=yes
| ac_cv_func_realpath=yes
| ac_cv_func_setenv=yes
| ac_cv_func_snprintf=yes
| ac_cv_func_strndup=yes
| ac_cv_func_strtok_r=yes
| ac_cv_func_unsetenv=yes
| ac_cv_func_utimes=yes
| ac_cv_func_vasprintf=yes
| ac_cv_func_vsnprintf=yes
| ac_cv_header_ctype_h=yes
| ac_cv_header_dirent_dirent_h=yes
| ac_cv_header_inttypes_h=yes
| ac_cv_header_memory_h=yes
| ac_cv_header_pwd_h=yes
| ac_cv_header_stdarg_h=yes
| ac_cv_header_stdc=yes
| ac_cv_header_stdint_h=yes
| ac_cv_header_stdlib_h=yes
| ac_cv_header_string_h=yes
| ac_cv_header_strings_h=yes
| ac_cv_header_sys_mman_h=yes
| ac_cv_header_sys_stat_h=yes
| ac_cv_header_sys_time_h=yes
| ac_cv_header_sys_types_h=yes
| ac_cv_header_sys_wait_h=yes
| ac_cv_header_termios_h=yes
| ac_cv_header_time=yes
| ac_cv_header_unistd_h=yes
| ac_cv_header_varargs_h=no
| ac_cv_host=x86_64-pc-linux-gnu
| ac_cv_objext=o
| ac_cv_path_EGREP='/bin/grep -E'
| ac_cv_path_GREP=/bin/grep
| ac_cv_path_ac_pt_BASH=/bin/bash
| ac_cv_path_install=/usr/bin/install
| ac_cv_prog_CPP='icc.pl -E'
| ac_cv_prog_ac_ct_AR=xiar.pl
| ac_cv_prog_ac_ct_CC=icc.pl
| ac_cv_prog_ac_ct_RANLIB=ranlib
| ac_cv_prog_cc_c89='-std=gnu89' #ISO C90 plus GNU* extensions
| ac_cv_prog_cc_c99='-std=gnu99'
| # ac_cv_prog_cc_g=yes
| ac_cv_search_cos='none required'
| ac_cv_search_opendir='none required'
| ac_cv_type_long_long=yes
| ac_cv_type_unsigned_long_long_int=yes
| 
| ac_default_prefix=/usr
| 
| 
| build=x86_64-pc-linux-gnu
| build_cpu=x86_64
| build_os=linux-gnu
| build_vendor=pc
| cache_file=/dev/null
| cross_compiling=no
| 
| host=x86_64-pc-linux-gnu
| host_cpu=x86_64
| host_os=linux-gnu
| host_vendor=pc
| hw_cv_func_asprintf=yes
| hw_cv_func_snprintf=yes
| hw_cv_func_snprintf_c99=yes
| hw_cv_func_vasprintf=yes
| hw_cv_func_vsnprintf=yes
| hw_cv_func_vsnprintf_c99=yes
| 
| #program_prefix=NONE
| #program_suffix=NONE
| 
| # silent=
| # site=
| # srcdir=.
| # subdirs=
| # target=
| # test_suites='unittest/test_args.c thisismadeup/crap.c'
| 
| verbose=yes
| #version=unknown
| 
| test "$prefix" = NONE && prefix=/usr
| test "$exec_prefix" = NONE && exec_prefix='${prefix}'
| 
| test "$bindir" = NONE && bindir='${prefix}/bin'
| test "$sbindir" = NONE && sbindir='${prefix}/sbin'
| test "$includedir" = NONE && includedir='${prefix}/include'
| test "$libdir" = NONE && libdir='${prefix}/lib'
| test "$libexecdir" = NONE && libexecdir='${prefix}/lib/${PACKAGE}'
| 
| #oldincludedir for non-gcc headers
| 
| if test "$prefix" = /usr; then
| 	test "$sysconfdir" = '${prefix}/etc' && sysconfdir=/etc
| 	test "$sharedstatedir" = '${prefix}/com' && sharedstatedir=/var
| 	test "$localstatedir" = '${prefix}/var' && localstatedir=/var
| else
| 	test "$sysconfdir" = NONE && sysconfdir='${prefix}/etc'
| 	test "$sharedstatedir" = NONE && sharedstatedir='${prefix}/com'
| 	test "$localstatedir" = NONE && localstatedir='${prefix}/var'
| fi
| runstatedir='${localstatedir}/run'
| 
| datarootdir='${prefix}/share'
| infodir='${datarootdir}/info'
| #libexecdir='${exec_prefix}/libexec'
| localedir='${datarootdir}/locale'
| mandir='${datarootdir}/man'
| datadir='${datarootdir}'
| # define_xopen_source=yes
| docdir='${datarootdir}/doc/${PACKAGE}'
| pdfdir='${docdir}'
| psdir='${docdir}'
| dvidir='${docdir}'
| htmldir='${docdir}'
configure:2767: checking build system type
configure:2781: result: x86_64-pc-linux-gnu
configure:2801: checking host system type
configure:2814: result: x86_64-pc-linux-gnu
configure:2834: checking target system type
configure:2847: result: x86_64-pc-linux-gnu
configure:2944: checking for gsed
configure:2975: result: sed
configure:3003: checking for a BSD-compatible install
configure:3071: result: /usr/bin/install
configure:3082: checking whether build environment is sane
configure:3137: result: yes
configure:3285: checking for a thread-safe mkdir -p
configure:3324: result: /bin/mkdir -p
configure:3331: checking for gawk
configure:3358: result: /usr/bin/gawk
configure:3369: checking whether make sets $(MAKE)
configure:3391: result: yes
configure:3420: checking whether make supports nested variables
configure:3437: result: yes
configure:3582: checking for x86_64-linux-gnu-gcc
configure:3609: result: icc.pl
configure:3878: checking for C compiler version
configure:3887: icc.pl --version >&5
icc (ICC) 19.0.1.144 20181018
Copyright (C) 1985-2018 Intel Corporation.  All rights reserved.

configure:3898: $? = 0
configure:3887: icc.pl -v >&5
__INTEL_PRE_CFLAGS options:  
-diag-enableall
-diag-disable=10013,10385,10237,10346
-diag-error-limit=1
-diag-onceall
-Wremarks
-w3
-Wbrief

__INTEL_POST_CFLAGS options:  
... rest of stderr output deleted ...
configure:3898: $? = 1
configure:3887: icc.pl -V >&5
GNU ld (GNU Binutils for Debian) 2.31.1
Intel(R) C Intel(R) 64 Compiler for applications running on Intel(R) 64, Version 19.0.1.144 Build 20181018
Copyright (C) 1985-2018 Intel Corporation.  All rights reserved.

x86_64-linux-gnu-ld: /lib/x86_64-linux-gnu/libz.so.1: no version information available (required by /usr/lib/x86_64-linux-gnu/libbfd-2.31.1-system.so)
x86_64-linux-gnu-ld: /usr/lib/gcc/x86_64-linux-gnu/8/../../../x86_64-linux-gnu/Scrt1.o: in function `_start':
(.text+0x20): undefined reference to `main'
configure:3898: $? = 1
configure:3887: icc.pl -qversion >&5
x86_64-linux-gnu-ld: /lib/x86_64-linux-gnu/libz.so.1: no version information available (required by /usr/lib/x86_64-linux-gnu/libbfd-2.31.1-system.so)
x86_64-linux-gnu-ld: /usr/lib/gcc/x86_64-linux-gnu/8/../../../x86_64-linux-gnu/Scrt1.o: in function `_start':
(.text+0x20): undefined reference to `main'
configure:3898: $? = 1
configure:3918: checking whether the C compiler works
configure:3940: icc.pl -g -O2 -fdebug-prefix-map=/dev/shm/python3.7/python3/clean/python3.7/ffi/libffi-3.2.1=. -Wformat -march=native -pipe -Wformat-security -Wdate-time -D_FORTIFY_SOURCE=2 -Wl,-z,defs  conftest.c  >&5
ipo: remark #11001: performing single-file optimizations
ipo: remark #11006: generating object file /tmp/intel/ipo_iccYPISX2.o
x86_64-linux-gnu-ld: /lib/x86_64-linux-gnu/libz.so.1: no version information available (required by /usr/lib/x86_64-linux-gnu/libbfd-2.31.1-system.so)
configure:3944: $? = 0
configure:3992: result: yes
configure:3995: checking for C compiler default output file name
configure:3997: result: a.out
configure:4003: checking for suffix of executables
configure:4010: icc.pl -o conftest -g -O2 -fdebug-prefix-map=/dev/shm/python3.7/python3/clean/python3.7/ffi/libffi-3.2.1=. -Wformat -march=native -pipe -Wformat-security -Wdate-time -D_FORTIFY_SOURCE=2 -Wl,-z,defs  conftest.c  >&5
ipo: remark #11001: performing single-file optimizations
ipo: remark #11006: generating object file /tmp/intel/ipo_iccwUCQDL.o
x86_64-linux-gnu-ld: /lib/x86_64-linux-gnu/libz.so.1: no version information available (required by /usr/lib/x86_64-linux-gnu/libbfd-2.31.1-system.so)
configure:4014: $? = 0
configure:4036: result: 
configure:4058: checking whether we are cross compiling
configure:4066: icc.pl -o conftest -g -O2 -fdebug-prefix-map=/dev/shm/python3.7/python3/clean/python3.7/ffi/libffi-3.2.1=. -Wformat -march=native -pipe -Wformat-security -Wdate-time -D_FORTIFY_SOURCE=2 -Wl,-z,defs  conftest.c  >&5
conftest.c(19) (col. 3): remark #111: statement is unreachable
ipo: remark #11001: performing single-file optimizations
ipo: remark #11006: generating object file /tmp/intel/ipo_icciHSVck.o
x86_64-linux-gnu-ld: /lib/x86_64-linux-gnu/libz.so.1: no version information available (required by /usr/lib/x86_64-linux-gnu/libbfd-2.31.1-system.so)
configure:4070: $? = 0
configure:4077: ./conftest
configure:4081: $? = 0
configure:4096: result: no
configure:4101: checking for suffix of object files
configure:4148: result: o
configure:4152: checking whether we are using the GNU C compiler
configure:4180: result: yes
configure:4189: checking whether icc.pl accepts -g
configure:4209: icc.pl -c -g -Wdate-time -D_FORTIFY_SOURCE=2 conftest.c >&5
configure:4209: $? = 0
configure:4250: result: yes
configure:4267: checking for icc.pl option to accept ISO C89
configure:4350: result: -std=gnu89
configure:4368: checking whether icc.pl -std=gnu89 understands -c and -o together
configure:4390: icc.pl -std=gnu89 -c conftest.c -o conftest2.o
configure:4393: $? = 0
configure:4390: icc.pl -std=gnu89 -c conftest.c -o conftest2.o
configure:4393: $? = 0
configure:4405: result: yes
configure:4425: checking whether make supports the include directive
configure:4440: make -f confmf.GNU && cat confinc.out
make[1]: Entering directory '/dev/shm/python3.7/python3/clean/python3.7/ffi/libffi-3.2.1/build'
make[1]: Leaving directory '/dev/shm/python3.7/python3/clean/python3.7/ffi/libffi-3.2.1/build'
this is the am__doit target
configure:4443: $? = 0
configure:4462: result: yes (GNU style)
configure:4487: checking dependency style of icc.pl -std=gnu89
configure:4598: result: gcc3
configure:4725: checking for C++ compiler version
configure:4734: icpc.pl --version >&5
icpc (ICC) 19.0.1.144 20181018
Copyright (C) 1985-2018 Intel Corporation.  All rights reserved.

configure:4745: $? = 0
configure:4734: icpc.pl -v >&5
__INTEL_PRE_CFLAGS options:  
-diag-enableall
-diag-disable=10013,10385,10237,10346
-diag-error-limit=1
-diag-onceall
-Wremarks
-w3
-Wbrief

__INTEL_POST_CFLAGS options:  
... rest of stderr output deleted ...
configure:4745: $? = 1
configure:4734: icpc.pl -V >&5
GNU ld (GNU Binutils for Debian) 2.31.1
Intel(R) C++ Intel(R) 64 Compiler for applications running on Intel(R) 64, Version 19.0.1.144 Build 20181018
Copyright (C) 1985-2018 Intel Corporation.  All rights reserved.

x86_64-linux-gnu-ld: /lib/x86_64-linux-gnu/libz.so.1: no version information available (required by /usr/lib/x86_64-linux-gnu/libbfd-2.31.1-system.so)
x86_64-linux-gnu-ld: /usr/lib/gcc/x86_64-linux-gnu/8/../../../x86_64-linux-gnu/Scrt1.o: in function `_start':
(.text+0x20): undefined reference to `main'
configure:4745: $? = 1
configure:4734: icpc.pl -qversion >&5
x86_64-linux-gnu-ld: /lib/x86_64-linux-gnu/libz.so.1: no version information available (required by /usr/lib/x86_64-linux-gnu/libbfd-2.31.1-system.so)
x86_64-linux-gnu-ld: /usr/lib/gcc/x86_64-linux-gnu/8/../../../x86_64-linux-gnu/Scrt1.o: in function `_start':
(.text+0x20): undefined reference to `main'
configure:4745: $? = 1
configure:4749: checking whether we are using the GNU C++ compiler
configure:4768: icpc.pl -c  -Wdate-time -D_FORTIFY_SOURCE=2 conftest.cpp >&5
configure:4768: $? = 0
configure:4777: result: yes
configure:4786: checking whether icpc.pl accepts -g
configure:4806: icpc.pl -c -g -Wdate-time -D_FORTIFY_SOURCE=2 conftest.cpp >&5
configure:4806: $? = 0
configure:4847: result: yes
configure:4872: checking dependency style of icpc.pl
configure:4983: result: gcc3
configure:5013: checking dependency style of icc.pl -std=gnu89
configure:5122: result: gcc3
configure:5184: checking how to print strings
configure:5211: result: printf
configure:5232: checking for a sed that does not truncate output
configure:5296: result: /bin/sed
configure:5314: checking for grep that handles long lines and -e
configure:5372: result: /bin/grep
configure:5377: checking for egrep
configure:5439: result: /bin/grep -E
configure:5444: checking for fgrep
configure:5506: result: /bin/grep -F
configure:5541: checking for ld used by icc.pl -std=gnu89
configure:5608: result: /usr/bin/ld
configure:5615: checking if the linker (/usr/bin/ld) is GNU ld
configure:5630: result: yes
configure:5642: checking for BSD- or MS-compatible name lister (nm)
configure:5696: result: /usr/bin/x86_64-linux-gnu-nm -B
configure:5826: checking the name lister (/usr/bin/x86_64-linux-gnu-nm -B) interface
configure:5833: icc.pl -std=gnu89 -c -g -O2 -fdebug-prefix-map=/dev/shm/python3.7/python3/clean/python3.7/ffi/libffi-3.2.1=. -Wformat -march=native -pipe -Wformat-security -Wdate-time -D_FORTIFY_SOURCE=2 conftest.c >&5
configure:5836: /usr/bin/x86_64-linux-gnu-nm -B "conftest.o"
/usr/bin/x86_64-linux-gnu-nm: /lib/x86_64-linux-gnu/libz.so.1: no version information available (required by /usr/lib/x86_64-linux-gnu/libbfd-2.31.1-system.so)
configure:5839: output
0000000000000000 N .debug_info_seg
0000000000000000 B some_variable
configure:5846: result: BSD nm
configure:5849: checking whether ln -s works
configure:5853: result: yes
configure:5861: checking the maximum length of command line arguments
configure:5992: result: 1572864
configure:6040: checking how to convert x86_64-pc-linux-gnu file names to x86_64-pc-linux-gnu format
configure:6080: result: func_convert_file_noop
configure:6087: checking how to convert x86_64-pc-linux-gnu file names to toolchain format
configure:6107: result: func_convert_file_noop
configure:6114: checking for /usr/bin/ld option to reload object files
configure:6121: result: -r
configure:6155: checking for x86_64-linux-gnu-objdump
configure:6182: result: /usr/bin/x86_64-linux-gnu-objdump
configure:6254: checking how to recognize dependent libraries
configure:6454: result: pass_all
configure:6499: checking for x86_64-linux-gnu-dlltool
configure:6529: result: no
configure:6539: checking for dlltool
configure:6569: result: no
configure:6599: checking how to associate runtime and link libraries
configure:6626: result: printf %s\n
configure:6643: checking for x86_64-linux-gnu-ar
configure:6670: result: xiar.pl
configure:6751: checking for archiver @FILE support
configure:6768: icc.pl -std=gnu89 -c -g -O2 -fdebug-prefix-map=/dev/shm/python3.7/python3/clean/python3.7/ffi/libffi-3.2.1=. -Wformat -march=native -pipe -Wformat-security -Wdate-time -D_FORTIFY_SOURCE=2 conftest.c >&5
configure:6768: $? = 0
configure:6771: xiar.pl cru libconftest.a @conftest.lst >&5
xiar: executing 'ar'
ar: /lib/x86_64-linux-gnu/libz.so.1: no version information available (required by /usr/lib/x86_64-linux-gnu/libbfd-2.31.1-system.so)
ar: `u' modifier ignored since `D' is the default (see `U')
configure:6774: $? = 0
configure:6779: xiar.pl cru libconftest.a @conftest.lst >&5
xiar: executing 'ar'
ar: /lib/x86_64-linux-gnu/libz.so.1: no version information available (required by /usr/lib/x86_64-linux-gnu/libbfd-2.31.1-system.so)
ar: `u' modifier ignored since `D' is the default (see `U')
ar: conftest.o: No such file or directory
configure:6782: $? = 1
configure:6794: result: @
configure:6812: checking for x86_64-linux-gnu-strip
configure:6839: result: /usr/bin/x86_64-linux-gnu-strip
configure:6911: checking for x86_64-linux-gnu-ranlib
configure:6938: result: /usr/bin/x86_64-linux-gnu-ranlib
configure:7080: checking command to parse /usr/bin/x86_64-linux-gnu-nm -B output from icc.pl -std=gnu89 object
configure:7233: icc.pl -std=gnu89 -c -g -O2 -fdebug-prefix-map=/dev/shm/python3.7/python3/clean/python3.7/ffi/libffi-3.2.1=. -Wformat -march=native -pipe -Wformat-security -Wdate-time -D_FORTIFY_SOURCE=2 conftest.c >&5
conftest.c(5) (col. 6): remark #1419: external declaration in primary source file
configure:7236: $? = 0
configure:7240: /usr/bin/x86_64-linux-gnu-nm -B conftest.o | sed -n -e 's/^.*[	 ]\([ABCDGIRSTW][ABCDGIRSTW]*\)[	 ][	 ]*\([_A-Za-z][_A-Za-z0-9]*\)$/\1 \2 \2/p' | sed '/ __gnu_lto/d' > conftest.nm
/usr/bin/x86_64-linux-gnu-nm: /lib/x86_64-linux-gnu/libz.so.1: no version information available (required by /usr/lib/x86_64-linux-gnu/libbfd-2.31.1-system.so)
configure:7306: icc.pl -std=gnu89 -o conftest -g -O2 -fdebug-prefix-map=/dev/shm/python3.7/python3/clean/python3.7/ffi/libffi-3.2.1=. -Wformat -march=native -pipe -Wformat-security -Wdate-time -D_FORTIFY_SOURCE=2 -Wl,-z,defs  conftest.c conftstm.o >&5
conftest.c(18) (col. 12): remark #1419: external declaration in primary source file
ipo: remark #11000: performing multi-file optimizations
ipo: remark #11006: generating object file /tmp/intel/ipo_iccKN6ZlB.o
x86_64-linux-gnu-ld: /lib/x86_64-linux-gnu/libz.so.1: no version information available (required by /usr/lib/x86_64-linux-gnu/libbfd-2.31.1-system.so)
configure:7309: $? = 0
configure:7347: result: ok
configure:7394: checking for sysroot
configure:7424: result: no
configure:7431: checking for a working dd
configure:7469: result: /bin/dd
configure:7473: checking how to truncate binary pipes
configure:7488: result: /bin/dd bs=4096 count=1
configure:7624: icc.pl -std=gnu89 -c -g -O2 -fdebug-prefix-map=/dev/shm/python3.7/python3/clean/python3.7/ffi/libffi-3.2.1=. -Wformat -march=native -pipe -Wformat-security -Wdate-time -D_FORTIFY_SOURCE=2 conftest.c >&5
configure:7627: $? = 0
configure:7777: checking for x86_64-linux-gnu-mt
configure:7807: result: no
configure:7817: checking for mt
configure:7833: found /bin/mt
configure:7844: result: mt
configure:7867: checking if mt is a manifest tool
configure:7873: mt '-?'
configure:7881: result: no
configure:8558: checking how to run the C preprocessor
configure:8628: result: icc.pl -E
configure:8648: icc.pl -E -Wdate-time -D_FORTIFY_SOURCE=2 conftest.c
configure:8648: $? = 0
configure:8662: icc.pl -E -Wdate-time -D_FORTIFY_SOURCE=2 conftest.c
conftest.c(11) (col. 28): error #2379: cannot open source file "ac_nonexistent.h"
configure:8662: $? = 4
configure: failed program was:
| /* confdefs.h */
| #define PACKAGE_NAME "libffi"
| #define PACKAGE_TARNAME "libffi"
| #define PACKAGE_VERSION "3.2.1"
| #define PACKAGE_STRING "libffi 3.2.1"
| #define PACKAGE_BUGREPORT "http://github.com/atgreen/libffi/issues"
| #define PACKAGE_URL ""
| #define PACKAGE "libffi"
| #define VERSION "3.2.1"
| /* end confdefs.h.  */
| #include <ac_nonexistent.h>
configure:8691: checking for ANSI C header files
configure:8795: result: yes
configure:8808: checking for sys/types.h
configure:8808: result: yes
configure:8808: checking for sys/stat.h
configure:8808: result: yes
configure:8808: checking for stdlib.h
configure:8808: result: yes
configure:8808: checking for string.h
configure:8808: result: yes
configure:8808: checking for memory.h
configure:8808: result: yes
configure:8808: checking for strings.h
configure:8808: result: yes
configure:8808: checking for inttypes.h
configure:8808: result: yes
configure:8808: checking for stdint.h
configure:8808: result: yes
configure:8808: checking for unistd.h
configure:8808: result: yes
configure:8822: checking for dlfcn.h
configure:8822: icc.pl -std=gnu89 -c -g -O2 -fdebug-prefix-map=/dev/shm/python3.7/python3/clean/python3.7/ffi/libffi-3.2.1=. -Wformat -march=native -pipe -Wformat-security -Wdate-time -D_FORTIFY_SOURCE=2 conftest.c >&5
configure:8822: $? = 0
configure:8822: result: yes
configure:9089: checking for objdir
configure:9104: result: .libs
configure:9368: checking if icc.pl -std=gnu89 supports -fno-rtti -fno-exceptions
configure:9386: icc.pl -std=gnu89 -c -g -O2 -fdebug-prefix-map=/dev/shm/python3.7/python3/clean/python3.7/ffi/libffi-3.2.1=. -Wformat -march=native -pipe -Wformat-security -Wdate-time -D_FORTIFY_SOURCE=2 -fno-rtti -fno-exceptions conftest.c >&5
configure:9390: $? = 0
configure:9403: result: yes
configure:9761: checking for icc.pl -std=gnu89 option to produce PIC
configure:9768: result: -fPIC -DPIC
configure:9776: checking if icc.pl -std=gnu89 PIC flag -fPIC -DPIC works
configure:9794: icc.pl -std=gnu89 -c -g -O2 -fdebug-prefix-map=/dev/shm/python3.7/python3/clean/python3.7/ffi/libffi-3.2.1=. -Wformat -march=native -pipe -Wformat-security -Wdate-time -D_FORTIFY_SOURCE=2 -fPIC -DPIC -DPIC conftest.c >&5
configure:9798: $? = 0
configure:9811: result: yes
configure:9840: checking if icc.pl -std=gnu89 static flag -static works
ipo: remark #11001: performing single-file optimizations
ipo: remark #11006: generating object file /tmp/intel/ipo_iccartVQB.o
x86_64-linux-gnu-ld: /lib/x86_64-linux-gnu/libz.so.1: no version information available (required by /usr/lib/x86_64-linux-gnu/libbfd-2.31.1-system.so)
x86_64-linux-gnu-ld: /opt/intel/compilers_and_libraries_2019.1.144/linux/compiler/lib/intel64_lin/libiomp5.a(ompt-general.o): in function `ompt_pre_init':
(.text+0x2450): warning: Using 'dlopen' in statically linked applications requires at runtime the shared libraries from the glibc version used for linking
configure:9868: result: no
configure:9883: checking if icc.pl -std=gnu89 supports -c -o file.o
configure:9904: icc.pl -std=gnu89 -c -g -O2 -fdebug-prefix-map=/dev/shm/python3.7/python3/clean/python3.7/ffi/libffi-3.2.1=. -Wformat -march=native -pipe -Wformat-security -Wdate-time -D_FORTIFY_SOURCE=2 -o out/conftest2.o conftest.c >&5
configure:9908: $? = 0
configure:9930: result: yes
configure:9938: checking if icc.pl -std=gnu89 supports -c -o file.o
configure:9985: result: yes
configure:10018: checking whether the icc.pl -std=gnu89 linker (/usr/bin/ld -m elf_x86_64) supports shared libraries
configure:11281: result: yes
configure:11318: checking whether -lc should be explicitly linked in
configure:11326: icc.pl -std=gnu89 -c -g -O2 -fdebug-prefix-map=/dev/shm/python3.7/python3/clean/python3.7/ffi/libffi-3.2.1=. -Wformat -march=native -pipe -Wformat-security -Wdate-time -D_FORTIFY_SOURCE=2 conftest.c >&5
configure:11329: $? = 0
configure:11344: icc.pl -std=gnu89 -shared  -fPIC -DPIC conftest.o  -v -Wl,-soname -Wl,conftest -o conftest 2\>\&1 \| /bin/grep  -lc  \>/dev/null 2\>\&1
configure:11347: $? = 0
configure:11361: result: no
configure:11521: checking dynamic linker characteristics
configure:12102: icc.pl -std=gnu89 -o conftest -g -O2 -fdebug-prefix-map=/dev/shm/python3.7/python3/clean/python3.7/ffi/libffi-3.2.1=. -Wformat -march=native -pipe -Wformat-security -Wdate-time -D_FORTIFY_SOURCE=2 -Wl,-z,defs  -Wl,-rpath -Wl,/foo conftest.c  >&5
ipo: remark #11001: performing single-file optimizations
ipo: remark #11006: generating object file /tmp/intel/ipo_iccJdLAEU.o
x86_64-linux-gnu-ld: /lib/x86_64-linux-gnu/libz.so.1: no version information available (required by /usr/lib/x86_64-linux-gnu/libbfd-2.31.1-system.so)
configure:12102: $? = 0
configure:12351: result: GNU/Linux ld.so
configure:12473: checking how to hardcode library paths into programs
configure:12498: result: immediate
configure:13046: checking whether stripping libraries is possible
configure:13051: result: yes
configure:13086: checking if libtool supports shared libraries
configure:13088: result: yes
configure:13091: checking whether to build shared libraries
configure:13116: result: yes
configure:13119: checking whether to build static libraries
configure:13123: result: yes
configure:13146: checking how to run the C++ preprocessor
configure:13212: result: icpc.pl -E
configure:13232: icpc.pl -E -Wdate-time -D_FORTIFY_SOURCE=2 conftest.cpp
configure:13232: $? = 0
configure:13246: icpc.pl -E -Wdate-time -D_FORTIFY_SOURCE=2 conftest.cpp
conftest.cpp(23) (col. 28): error #2379: cannot open source file "ac_nonexistent.h"
configure:13246: $? = 4
configure: failed program was:
| /* confdefs.h */
| #define PACKAGE_NAME "libffi"
| #define PACKAGE_TARNAME "libffi"
| #define PACKAGE_VERSION "3.2.1"
| #define PACKAGE_STRING "libffi 3.2.1"
| #define PACKAGE_BUGREPORT "http://github.com/atgreen/libffi/issues"
| #define PACKAGE_URL ""
| #define PACKAGE "libffi"
| #define VERSION "3.2.1"
| #define STDC_HEADERS 1
| #define HAVE_SYS_TYPES_H 1
| #define HAVE_SYS_STAT_H 1
| #define HAVE_STDLIB_H 1
| #define HAVE_STRING_H 1
| #define HAVE_MEMORY_H 1
| #define HAVE_STRINGS_H 1
| #define HAVE_INTTYPES_H 1
| #define HAVE_STDINT_H 1
| #define HAVE_UNISTD_H 1
| #define HAVE_DLFCN_H 1
| #define LT_OBJDIR ".libs/"
| /* end confdefs.h.  */
| #include <ac_nonexistent.h>
configure:13408: checking for ld used by icpc.pl
configure:13475: result: /usr/bin/ld -m elf_x86_64
configure:13482: checking if the linker (/usr/bin/ld -m elf_x86_64) is GNU ld
configure:13497: result: yes
configure:13552: checking whether the icpc.pl linker (/usr/bin/ld -m elf_x86_64) supports shared libraries
configure:14625: result: yes
configure:14661: icpc.pl -c -g -O2 -Wdate-time -D_FORTIFY_SOURCE=2 conftest.cpp >&5
configure:14664: $? = 0
configure:15145: checking for icpc.pl option to produce PIC
configure:15152: result: -fPIC -DPIC
configure:15160: checking if icpc.pl PIC flag -fPIC -DPIC works
configure:15178: icpc.pl -c -g -O2 -Wdate-time -D_FORTIFY_SOURCE=2 -fPIC -DPIC -DPIC conftest.cpp >&5
configure:15182: $? = 0
configure:15195: result: yes
configure:15218: checking if icpc.pl static flag -static works
ipo: remark #11001: performing single-file optimizations
ipo: remark #11006: generating object file /tmp/intel/ipo_icpcL9BfPk.o
x86_64-linux-gnu-ld: /lib/x86_64-linux-gnu/libz.so.1: no version information available (required by /usr/lib/x86_64-linux-gnu/libbfd-2.31.1-system.so)
x86_64-linux-gnu-ld: /opt/intel/compilers_and_libraries_2019.1.144/linux/compiler/lib/intel64_lin/libiomp5.a(ompt-general.o): in function `ompt_pre_init':
(.text+0x2450): warning: Using 'dlopen' in statically linked applications requires at runtime the shared libraries from the glibc version used for linking
configure:15246: result: no
configure:15258: checking if icpc.pl supports -c -o file.o
configure:15279: icpc.pl -c -g -O2 -Wdate-time -D_FORTIFY_SOURCE=2 -o out/conftest2.o conftest.cpp >&5
configure:15283: $? = 0
configure:15305: result: yes
configure:15310: checking if icpc.pl supports -c -o file.o
configure:15357: result: yes
configure:15387: checking whether the icpc.pl linker (/usr/bin/ld -m elf_x86_64) supports shared libraries
configure:15430: result: yes
configure:15571: checking dynamic linker characteristics
configure:16328: result: GNU/Linux ld.so
configure:16393: checking how to hardcode library paths into programs
configure:16418: result: immediate
configure:16486: checking size of size_t
configure:16491: icc.pl -std=gnu89 -o conftest -g -O2 -fdebug-prefix-map=/dev/shm/python3.7/python3/clean/python3.7/ffi/libffi-3.2.1=. -Wformat -march=native -pipe -Wformat-security -Wdate-time -D_FORTIFY_SOURCE=2 -Wl,-z,defs  conftest.c  >&5
conftest.c(86) (col. 3): remark #111: statement is unreachable
ipo: remark #11001: performing single-file optimizations
ipo: remark #11006: generating object file /tmp/intel/ipo_iccRYXC2P.o
x86_64-linux-gnu-ld: /lib/x86_64-linux-gnu/libz.so.1: no version information available (required by /usr/lib/x86_64-linux-gnu/libbfd-2.31.1-system.so)
configure:16491: $? = 0
configure:16491: ./conftest
configure:16491: $? = 0
configure:16505: result: 8
configure:16516: checking for C compiler vendor
configure:16561: icc.pl -std=gnu89 -c -g -O2 -fdebug-prefix-map=/dev/shm/python3.7/python3/clean/python3.7/ffi/libffi-3.2.1=. -Wformat -march=native -pipe -Wformat-security -Wdate-time -D_FORTIFY_SOURCE=2 conftest.c >&5
configure:16561: $? = 0
configure:16569: result: intel
configure:17402: : CFLAGS="$CFLAGS "
configure:17405: $? = 0
configure:17420: checking CFLAGS for maximum warnings
configure:17440: icc.pl -std=gnu89 -c -g -O2 -fdebug-prefix-map=/dev/shm/python3.7/python3/clean/python3.7/ffi/libffi-3.2.1=. -Wformat -march=native -pipe -Wformat-security  -warn all  -warn all -Wdate-time -D_FORTIFY_SOURCE=2 conftest.c >&5
icc: error #10236: File not found:  'all'
icc: error #10236: File not found:  'all'
configure:17440: $? = 1
configure: failed program was:
| /* confdefs.h */
| #define PACKAGE_NAME "libffi"
| #define PACKAGE_TARNAME "libffi"
| #define PACKAGE_VERSION "3.2.1"
| #define PACKAGE_STRING "libffi 3.2.1"
| #define PACKAGE_BUGREPORT "http://github.com/atgreen/libffi/issues"
| #define PACKAGE_URL ""
| #define PACKAGE "libffi"
| #define VERSION "3.2.1"
| #define STDC_HEADERS 1
| #define HAVE_SYS_TYPES_H 1
| #define HAVE_SYS_STAT_H 1
| #define HAVE_STDLIB_H 1
| #define HAVE_STRING_H 1
| #define HAVE_MEMORY_H 1
| #define HAVE_STRINGS_H 1
| #define HAVE_INTTYPES_H 1
| #define HAVE_STDINT_H 1
| #define HAVE_UNISTD_H 1
| #define HAVE_DLFCN_H 1
| #define LT_OBJDIR ".libs/"
| #define SIZEOF_SIZE_T 8
| /* end confdefs.h.  */
| 
| int
| main ()
| {
| 
|   ;
|   return 0;
| }
configure:17440: icc.pl -std=gnu89 -c -g -O2 -fdebug-prefix-map=/dev/shm/python3.7/python3/clean/python3.7/ffi/libffi-3.2.1=. -Wformat -march=native -pipe -Wformat-security  -pedantic  -Wall -Wdate-time -D_FORTIFY_SOURCE=2 conftest.c >&5
configure:17440: $? = 0
configure:17448: result: -Wall
configure:17464: : CFLAGS="$CFLAGS $ac_cv_cflags_warn_all"
configure:17467: $? = 0
configure:17497: checking whether to enable maintainer-specific portions of Makefiles
configure:17506: result: no
configure:17522: checking for sys/mman.h
configure:17522: result: yes
configure:17535: checking for mmap
configure:17535: icc.pl -std=gnu89 -o conftest -g -O2 -fdebug-prefix-map=/dev/shm/python3.7/python3/clean/python3.7/ffi/libffi-3.2.1=. -Wformat -march=native -pipe -Wformat-security  -Wall -fexceptions -Wdate-time -D_FORTIFY_SOURCE=2 -Wl,-z,defs  conftest.c  >&5
ipo: remark #11001: performing single-file optimizations
ipo: remark #11006: generating object file /tmp/intel/ipo_iccCMAPpA.o
x86_64-linux-gnu-ld: /lib/x86_64-linux-gnu/libz.so.1: no version information available (required by /usr/lib/x86_64-linux-gnu/libbfd-2.31.1-system.so)
configure:17535: $? = 0
configure:17535: result: yes
configure:17535: checking for mkostemp
configure:17535: icc.pl -std=gnu89 -o conftest -g -O2 -fdebug-prefix-map=/dev/shm/python3.7/python3/clean/python3.7/ffi/libffi-3.2.1=. -Wformat -march=native -pipe -Wformat-security  -Wall -fexceptions -Wdate-time -D_FORTIFY_SOURCE=2 -Wl,-z,defs  conftest.c  >&5
ipo: remark #11001: performing single-file optimizations
ipo: remark #11006: generating object file /tmp/intel/ipo_iccKfeFTi.o
x86_64-linux-gnu-ld: /lib/x86_64-linux-gnu/libz.so.1: no version information available (required by /usr/lib/x86_64-linux-gnu/libbfd-2.31.1-system.so)
configure:17535: $? = 0
configure:17535: result: yes
configure:17545: checking for sys/mman.h
configure:17545: result: yes
configure:17553: checking for mmap
configure:17553: result: yes
configure:17566: checking whether read-only mmap of a plain file works
configure:17583: result: yes
configure:17585: checking whether mmap from /dev/zero works
configure:17607: result: yes
configure:17611: checking for MAP_ANON(YMOUS)
configure:17634: icc.pl -std=gnu89 -c -g -O2 -fdebug-prefix-map=/dev/shm/python3.7/python3/clean/python3.7/ffi/libffi-3.2.1=. -Wformat -march=native -pipe -Wformat-security  -Wall -fexceptions -Wdate-time -D_FORTIFY_SOURCE=2 conftest.c >&5
configure:17634: $? = 0
configure:17641: result: yes
configure:17647: checking whether mmap with MAP_ANON(YMOUS) works
configure:17664: result: yes
configure:18255: checking for ANSI C header files
configure:18359: result: yes
configure:18369: checking for memcpy
configure:18369: icc.pl -std=gnu89 -o conftest -g -O2 -fdebug-prefix-map=/dev/shm/python3.7/python3/clean/python3.7/ffi/libffi-3.2.1=. -Wformat -march=native -pipe -Wformat-security  -Wall -fexceptions -Wdate-time -D_FORTIFY_SOURCE=2 -Wl,-z,defs  conftest.c  >&5
ipo: remark #11001: performing single-file optimizations
ipo: remark #11006: generating object file /tmp/intel/ipo_iccnx70Oj.o
x86_64-linux-gnu-ld: /lib/x86_64-linux-gnu/libz.so.1: no version information available (required by /usr/lib/x86_64-linux-gnu/libbfd-2.31.1-system.so)
configure:18369: $? = 0
configure:18369: result: yes
configure:18378: checking for size_t
configure:18378: icc.pl -std=gnu89 -c -g -O2 -fdebug-prefix-map=/dev/shm/python3.7/python3/clean/python3.7/ffi/libffi-3.2.1=. -Wformat -march=native -pipe -Wformat-security  -Wall -fexceptions -Wdate-time -D_FORTIFY_SOURCE=2 conftest.c >&5
configure:18378: $? = 0
configure:18378: icc.pl -std=gnu89 -c -g -O2 -fdebug-prefix-map=/dev/shm/python3.7/python3/clean/python3.7/ffi/libffi-3.2.1=. -Wformat -march=native -pipe -Wformat-security  -Wall -fexceptions -Wdate-time -D_FORTIFY_SOURCE=2 conftest.c >&5
conftest.c(68) (col. 21): error: expected an expression
configure:18378: $? = 4
configure: failed program was:
| /* confdefs.h */
| #define PACKAGE_NAME "libffi"
| #define PACKAGE_TARNAME "libffi"
| #define PACKAGE_VERSION "3.2.1"
| #define PACKAGE_STRING "libffi 3.2.1"
| #define PACKAGE_BUGREPORT "http://github.com/atgreen/libffi/issues"
| #define PACKAGE_URL ""
| #define PACKAGE "libffi"
| #define VERSION "3.2.1"
| #define STDC_HEADERS 1
| #define HAVE_SYS_TYPES_H 1
| #define HAVE_SYS_STAT_H 1
| #define HAVE_STDLIB_H 1
| #define HAVE_STRING_H 1
| #define HAVE_MEMORY_H 1
| #define HAVE_STRINGS_H 1
| #define HAVE_INTTYPES_H 1
| #define HAVE_STDINT_H 1
| #define HAVE_UNISTD_H 1
| #define HAVE_DLFCN_H 1
| #define LT_OBJDIR ".libs/"
| #define SIZEOF_SIZE_T 8
| #define HAVE_SYS_MMAN_H 1
| #define HAVE_MMAP 1
| #define HAVE_MKOSTEMP 1
| #define HAVE_MMAP_FILE 1
| #define HAVE_MMAP_DEV_ZERO 1
| #define HAVE_MMAP_ANON 1
| #define STDC_HEADERS 1
| #define HAVE_MEMCPY 1
| /* end confdefs.h.  */
| #include <stdio.h>
| #ifdef HAVE_SYS_TYPES_H
| # include <sys/types.h>
| #endif
| #ifdef HAVE_SYS_STAT_H
| # include <sys/stat.h>
| #endif
| #ifdef STDC_HEADERS
| # include <stdlib.h>
| # include <stddef.h>
| #else
| # ifdef HAVE_STDLIB_H
| #  include <stdlib.h>
| # endif
| #endif
| #ifdef HAVE_STRING_H
| # if !defined STDC_HEADERS && defined HAVE_MEMORY_H
| #  include <memory.h>
| # endif
| # include <string.h>
| #endif
| #ifdef HAVE_STRINGS_H
| # include <strings.h>
| #endif
| #ifdef HAVE_INTTYPES_H
| # include <inttypes.h>
| #endif
| #ifdef HAVE_STDINT_H
| # include <stdint.h>
| #endif
| #ifdef HAVE_UNISTD_H
| # include <unistd.h>
| #endif
| int
| main ()
| {
| if (sizeof ((size_t)))
| 	    return 0;
|   ;
|   return 0;
| }
configure:18378: result: yes
configure:18391: checking for working alloca.h
configure:18408: icc.pl -std=gnu89 -o conftest -g -O2 -fdebug-prefix-map=/dev/shm/python3.7/python3/clean/python3.7/ffi/libffi-3.2.1=. -Wformat -march=native -pipe -Wformat-security  -Wall -fexceptions -Wdate-time -D_FORTIFY_SOURCE=2 -Wl,-z,defs  conftest.c  >&5
ipo: remark #11001: performing single-file optimizations
ipo: remark #11006: generating object file /tmp/intel/ipo_iccUbPRE0.o
x86_64-linux-gnu-ld: /lib/x86_64-linux-gnu/libz.so.1: no version information available (required by /usr/lib/x86_64-linux-gnu/libbfd-2.31.1-system.so)
configure:18408: $? = 0
configure:18416: result: yes
configure:18424: checking for alloca
configure:18461: icc.pl -std=gnu89 -o conftest -g -O2 -fdebug-prefix-map=/dev/shm/python3.7/python3/clean/python3.7/ffi/libffi-3.2.1=. -Wformat -march=native -pipe -Wformat-security  -Wall -fexceptions -Wdate-time -D_FORTIFY_SOURCE=2 -Wl,-z,defs  conftest.c  >&5
ipo: remark #11001: performing single-file optimizations
ipo: remark #11006: generating object file /tmp/intel/ipo_icc1OmnZG.o
x86_64-linux-gnu-ld: /lib/x86_64-linux-gnu/libz.so.1: no version information available (required by /usr/lib/x86_64-linux-gnu/libbfd-2.31.1-system.so)
configure:18461: $? = 0
configure:18469: result: yes
configure:18580: checking size of double
configure:18585: icc.pl -std=gnu89 -o conftest -g -O2 -fdebug-prefix-map=/dev/shm/python3.7/python3/clean/python3.7/ffi/libffi-3.2.1=. -Wformat -march=native -pipe -Wformat-security  -Wall -fexceptions -Wdate-time -D_FORTIFY_SOURCE=2 -Wl,-z,defs  conftest.c  >&5
ipo: remark #11001: performing single-file optimizations
ipo: remark #11006: generating object file /tmp/intel/ipo_iccgwi4cm.o
x86_64-linux-gnu-ld: /lib/x86_64-linux-gnu/libz.so.1: no version information available (required by /usr/lib/x86_64-linux-gnu/libbfd-2.31.1-system.so)
configure:18585: $? = 0
configure:18585: ./conftest
configure:18585: $? = 0
configure:18599: result: 8
configure:18613: checking size of long double
configure:18618: icc.pl -std=gnu89 -o conftest -g -O2 -fdebug-prefix-map=/dev/shm/python3.7/python3/clean/python3.7/ffi/libffi-3.2.1=. -Wformat -march=native -pipe -Wformat-security  -Wall -fexceptions -Wdate-time -D_FORTIFY_SOURCE=2 -Wl,-z,defs  conftest.c  >&5
ipo: remark #11001: performing single-file optimizations
ipo: remark #11006: generating object file /tmp/intel/ipo_iccyjU6w3.o
x86_64-linux-gnu-ld: /lib/x86_64-linux-gnu/libz.so.1: no version information available (required by /usr/lib/x86_64-linux-gnu/libbfd-2.31.1-system.so)
configure:18618: $? = 0
configure:18618: ./conftest
configure:18618: $? = 0
configure:18632: result: 16
configure:18665: checking whether byte ordering is bigendian
configure:18871: result: no
configure:18890: checking assembler .cfi pseudo-op support
configure:18908: icc.pl -std=gnu89 -c -g -O2 -fdebug-prefix-map=/dev/shm/python3.7/python3/clean/python3.7/ffi/libffi-3.2.1=. -Wformat -march=native -pipe -Wformat-security  -Wall -fexceptions -Wdate-time -D_FORTIFY_SOURCE=2 conftest.c >&5
IPO: WARNING: File scope asm disables -ipo
x86_64-linux-gnu-as: /lib/x86_64-linux-gnu/libz.so.1: no version information available (required by /usr/lib/x86_64-linux-gnu/libbfd-2.31.1-system.so)
configure:18908: $? = 0
configure:18916: result: yes
configure:19002: checking assembler supports pc related relocs
configure:19015: result: yes
configure:19023: checking assembler .ascii pseudo-op support
configure:19042: icc.pl -std=gnu89 -c -g -O2 -fdebug-prefix-map=/dev/shm/python3.7/python3/clean/python3.7/ffi/libffi-3.2.1=. -Wformat -march=native -pipe -Wformat-security  -Wall -fexceptions -Wdate-time -D_FORTIFY_SOURCE=2 conftest.c >&5
x86_64-linux-gnu-as: /lib/x86_64-linux-gnu/libz.so.1: no version information available (required by /usr/lib/x86_64-linux-gnu/libbfd-2.31.1-system.so)
configure:19042: $? = 0
configure:19050: result: yes
configure:19058: checking assembler .string pseudo-op support
configure:19077: icc.pl -std=gnu89 -c -g -O2 -fdebug-prefix-map=/dev/shm/python3.7/python3/clean/python3.7/ffi/libffi-3.2.1=. -Wformat -march=native -pipe -Wformat-security  -Wall -fexceptions -Wdate-time -D_FORTIFY_SOURCE=2 conftest.c >&5
x86_64-linux-gnu-as: /lib/x86_64-linux-gnu/libz.so.1: no version information available (required by /usr/lib/x86_64-linux-gnu/libbfd-2.31.1-system.so)
configure:19077: $? = 0
configure:19085: result: yes
configure:19101: WARNING: EMUTRAMP is experimental only.  Use --enable-pax_emutramp=experimental to enforce.
configure:19111: checking for _ prefix in compiled symbols
configure:19121: icc.pl -std=gnu89 -c -g -O2 -fdebug-prefix-map=/dev/shm/python3.7/python3/clean/python3.7/ffi/libffi-3.2.1=. -Wformat -march=native -pipe -Wformat-security  -Wall -fexceptions -Wdate-time -D_FORTIFY_SOURCE=2 conftest.c >&5
configure:19124: $? = 0
configure:19128: /usr/bin/x86_64-linux-gnu-nm -B conftest.o \| sed -n -e 's/^.*[	 ]\([ABCDGIRSTW][ABCDGIRSTW]*\)[	 ][	 ]*\([_A-Za-z][_A-Za-z0-9]*\)$/\1 \2 \2/p' | sed '/ __gnu_lto/d' \> conftest.nm
/usr/bin/x86_64-linux-gnu-nm: /lib/x86_64-linux-gnu/libz.so.1: no version information available (required by /usr/lib/x86_64-linux-gnu/libbfd-2.31.1-system.so)
configure:19131: $? = 0
configure:19153: result: no
configure:19189: checking toolchain supports unwind section type
configure:19218: result: yes
configure:19228: checking whether .eh_frame section should be read-only
configure:19248: result: yes
configure:19263: checking for __attribute__((visibility("hidden")))
configure:19272: icc.pl -std=gnu89 -Werror -S conftest.c -o conftest.s 1>&5
conftest.c(1) (col. 45): remark #1418: external function definition with no prior declaration
configure:19275: $? = 0
configure:19284: result: yes
configure:19498: checking that generated files are newer than configure
configure:19504: result: done
configure:19720: creating ./config.status

## ---------------------- ##
## Running config.status. ##
## ---------------------- ##

This file was extended by libffi config.status 3.2.1, which was
generated by GNU Autoconf 2.69.  Invocation command line was

  CONFIG_FILES    = 
  CONFIG_HEADERS  = 
  CONFIG_LINKS    = 
  CONFIG_COMMANDS = 
  $ ./config.status 

on server

config.status:1307: creating include/Makefile
config.status:1307: creating include/ffi.h
config.status:1307: creating Makefile
config.status:1307: creating testsuite/Makefile
config.status:1307: creating man/Makefile
config.status:1307: creating libffi.pc
config.status:1307: creating fficonfig.h
config.status:1533: linking ../src/x86/ffitarget.h to include/ffitarget.h
config.status:1552: executing buildir commands
config.status:1565: skipping top_srcdir/Makefile - not created
config.status:1552: executing depfiles commands
config.status:1773: cd .       && sed -e '/# am--include-marker/d' Makefile         | make -f - am--depfiles
make[1]: Entering directory '/dev/shm/python3.7/python3/clean/python3.7/ffi/libffi-3.2.1/build'
make[1]: Leaving directory '/dev/shm/python3.7/python3/clean/python3.7/ffi/libffi-3.2.1/build'
config.status:1778: $? = 0
config.status:1552: executing libtool commands
config.status:1552: executing include commands
config.status:1552: executing src commands

## ---------------- ##
## Cache variables. ##
## ---------------- ##

ac_cv_build=x86_64-pc-linux-gnu
ac_cv_c_bigendian=no
ac_cv_c_compiler_clang=no
ac_cv_c_compiler_gnu=yes
ac_cv_cflags_warn_all=-Wall
ac_cv_cxx_compiler_gnu=yes
ac_cv_decl_map_anon=yes
ac_cv_env_CCASFLAGS_set=set
ac_cv_env_CCASFLAGS_value='-g -O2 -fdebug-prefix-map=/dev/shm/python3.7/python3/clean/python3.7/ffi/libffi-3.2.1=. -Wformat -march=native -pipe -Wformat-security -Wa,--gdwarf-2'
ac_cv_env_CCAS_set=
ac_cv_env_CCAS_value=
ac_cv_env_CPPFLAGS_set=set
ac_cv_env_CPPFLAGS_value='-Wdate-time -D_FORTIFY_SOURCE=2'
ac_cv_env_CPP_set=set
ac_cv_env_CPP_value='icc.pl -E'
ac_cv_env_CXXCPP_set=
ac_cv_env_CXXCPP_value=
ac_cv_env_LT_SYS_LIBRARY_PATH_set=
ac_cv_env_LT_SYS_LIBRARY_PATH_value=
ac_cv_env_build_alias_set=set
ac_cv_env_build_alias_value=x86_64-linux-gnu
ac_cv_env_host_alias_set=set
ac_cv_env_host_alias_value=x86_64-linux-gnu
ac_cv_env_target_alias_set=
ac_cv_env_target_alias_value=
ac_cv_func_alloca_works=yes
ac_cv_func_asprintf=yes
ac_cv_func_gethostname=yes
ac_cv_func_getopt_long=yes
ac_cv_func_getpwuid=yes
ac_cv_func_gettimeofday=yes
ac_cv_func_memcpy=yes
ac_cv_func_mkostemp=yes
ac_cv_func_mkstemp=yes
ac_cv_func_mmap=yes
ac_cv_func_mmap_anon=yes
ac_cv_func_mmap_dev_zero=yes
ac_cv_func_mmap_file=yes
ac_cv_func_realpath=yes
ac_cv_func_setenv=yes
ac_cv_func_snprintf=yes
ac_cv_func_strndup=yes
ac_cv_func_strtok_r=yes
ac_cv_func_unsetenv=yes
ac_cv_func_utimes=yes
ac_cv_func_vasprintf=yes
ac_cv_func_vsnprintf=yes
ac_cv_header_ctype_h=yes
ac_cv_header_dirent_dirent_h=yes
ac_cv_header_dlfcn_h=yes
ac_cv_header_inttypes_h=yes
ac_cv_header_memory_h=yes
ac_cv_header_pwd_h=yes
ac_cv_header_stdarg_h=yes
ac_cv_header_stdc=yes
ac_cv_header_stdint_h=yes
ac_cv_header_stdlib_h=yes
ac_cv_header_string_h=yes
ac_cv_header_strings_h=yes
ac_cv_header_sys_mman_h=yes
ac_cv_header_sys_stat_h=yes
ac_cv_header_sys_time_h=yes
ac_cv_header_sys_types_h=yes
ac_cv_header_sys_wait_h=yes
ac_cv_header_termios_h=yes
ac_cv_header_time=yes
ac_cv_header_unistd_h=yes
ac_cv_header_varargs_h=no
ac_cv_host=x86_64-pc-linux-gnu
ac_cv_objext=o
ac_cv_path_EGREP='/bin/grep -E'
ac_cv_path_FGREP='/bin/grep -F'
ac_cv_path_GREP=/bin/grep
ac_cv_path_SED=/bin/sed
ac_cv_path_ac_pt_BASH=/bin/bash
ac_cv_path_ax_enable_builddir_sed=sed
ac_cv_path_install=/usr/bin/install
ac_cv_path_lt_DD=/bin/dd
ac_cv_prog_AR=xiar.pl
ac_cv_prog_AWK=/usr/bin/gawk
ac_cv_prog_CC=icc.pl
ac_cv_prog_CPP='icc.pl -E'
ac_cv_prog_CXXCPP='icpc.pl -E'
ac_cv_prog_OBJDUMP=/usr/bin/x86_64-linux-gnu-objdump
ac_cv_prog_RANLIB=/usr/bin/x86_64-linux-gnu-ranlib
ac_cv_prog_STRIP=/usr/bin/x86_64-linux-gnu-strip
ac_cv_prog_ac_ct_AR=xiar.pl
ac_cv_prog_ac_ct_CC=icc.pl
ac_cv_prog_ac_ct_MANIFEST_TOOL=mt
ac_cv_prog_ac_ct_RANLIB=ranlib
ac_cv_prog_cc_c89=-std=gnu89
ac_cv_prog_cc_c99=-std=gnu99
ac_cv_prog_cc_g=yes
ac_cv_prog_cxx_g=yes
ac_cv_prog_make_make_set=yes
ac_cv_search_cos='none required'
ac_cv_search_opendir='none required'
ac_cv_sizeof_double=8
ac_cv_sizeof_long_double=16
ac_cv_sizeof_size_t=8
ac_cv_target=x86_64-pc-linux-gnu
ac_cv_type_long_long=yes
ac_cv_type_size_t=yes
ac_cv_type_unsigned_long_long_int=yes
ac_cv_working_alloca_h=yes
am_cv_CCAS_dependencies_compiler_type=gcc3
am_cv_CC_dependencies_compiler_type=gcc3
am_cv_CXX_dependencies_compiler_type=gcc3
am_cv_make_support_nested_variables=yes
am_cv_prog_cc_c_o=yes
ax_cv_c_compiler_vendor=intel
ax_cv_c_float_words_bigendian=no
gcc_cv_as_cfi_pseudo_op=yes
hw_cv_func_asprintf=yes
hw_cv_func_snprintf=yes
hw_cv_func_snprintf_c99=yes
hw_cv_func_vasprintf=yes
hw_cv_func_vsnprintf=yes
hw_cv_func_vsnprintf_c99=yes
libffi_cv_as_ascii_pseudo_op=yes
libffi_cv_as_string_pseudo_op=yes
libffi_cv_as_x86_64_unwind_section_type=yes
libffi_cv_as_x86_pcrel=yes
libffi_cv_hidden_visibility_attribute=yes
libffi_cv_ro_eh_frame=yes
lt_cv_ar_at_file=@
lt_cv_archive_cmds_need_lc=no
lt_cv_deplibs_check_method=pass_all
lt_cv_file_magic_cmd='$MAGIC_CMD'
lt_cv_file_magic_test_file=
lt_cv_ld_reload_flag=-r
lt_cv_nm_interface='BSD nm'
lt_cv_objdir=.libs
lt_cv_path_LD=/usr/bin/ld
lt_cv_path_LDCXX='/usr/bin/ld -m elf_x86_64'
lt_cv_path_NM='/usr/bin/x86_64-linux-gnu-nm -B'
lt_cv_path_mainfest_tool=no
lt_cv_prog_compiler_c_o=yes
lt_cv_prog_compiler_c_o_CXX=yes
lt_cv_prog_compiler_pic='-fPIC -DPIC'
lt_cv_prog_compiler_pic_CXX='-fPIC -DPIC'
lt_cv_prog_compiler_pic_works=yes
lt_cv_prog_compiler_pic_works_CXX=yes
lt_cv_prog_compiler_rtti_exceptions=yes
lt_cv_prog_compiler_static_works=no
lt_cv_prog_compiler_static_works_CXX=no
lt_cv_prog_gnu_ld=yes
lt_cv_prog_gnu_ldcxx=yes
lt_cv_sharedlib_from_linklib_cmd='printf %s\n'
lt_cv_shlibpath_overrides_runpath=yes
lt_cv_sys_global_symbol_pipe='sed -n -e '\''s/^.*[	 ]\([ABCDGIRSTW][ABCDGIRSTW]*\)[	 ][	 ]*\([_A-Za-z][_A-Za-z0-9]*\)$/\1 \2 \2/p'\'' | sed '\''/ __gnu_lto/d'\'''
lt_cv_sys_global_symbol_to_c_name_address='sed -n -e '\''s/^: \(.*\) .*$/  {"\1", (void *) 0},/p'\'' -e '\''s/^[ABCDGIRSTW][ABCDGIRSTW]* .* \(.*\)$/  {"\1", (void *) \&\1},/p'\'''
lt_cv_sys_global_symbol_to_c_name_address_lib_prefix='sed -n -e '\''s/^: \(.*\) .*$/  {"\1", (void *) 0},/p'\'' -e '\''s/^[ABCDGIRSTW][ABCDGIRSTW]* .* \(lib.*\)$/  {"\1", (void *) \&\1},/p'\'' -e '\''s/^[ABCDGIRSTW][ABCDGIRSTW]* .* \(.*\)$/  {"lib\1", (void *) \&\1},/p'\'''
lt_cv_sys_global_symbol_to_cdecl='sed -n -e '\''s/^T .* \(.*\)$/extern int \1();/p'\'' -e '\''s/^[ABCDGIRSTW][ABCDGIRSTW]* .* \(.*\)$/extern char \1;/p'\'''
lt_cv_sys_global_symbol_to_import=
lt_cv_sys_max_cmd_len=1572864
lt_cv_sys_symbol_underscore=no
lt_cv_to_host_file_cmd=func_convert_file_noop
lt_cv_to_tool_file_cmd=func_convert_file_noop
lt_cv_truncate_bin='/bin/dd bs=4096 count=1'

## ----------------- ##
## Output variables. ##
## ----------------- ##

AARCH64_FALSE=''
AARCH64_TRUE='#'
ACLOCAL='${SHELL} /dev/shm/python3.7/python3/clean/python3.7/ffi/libffi-3.2.1/missing aclocal-1.16'
ALLOCA=''
ALPHA_FALSE=''
ALPHA_TRUE='#'
AMDEPBACKSLASH='\'
AMDEP_FALSE='#'
AMDEP_TRUE=''
AMTAR='$${TAR-tar}'
AM_BACKSLASH='\'
AM_DEFAULT_V='$(AM_DEFAULT_VERBOSITY)'
AM_DEFAULT_VERBOSITY='1'
AM_LTLDFLAGS=''
AM_RUNTESTFLAGS=''
AM_V='$(V)'
AR='xiar.pl'
ARC_FALSE=''
ARC_TRUE='#'
ARM_FALSE=''
ARM_TRUE='#'
AUTOCONF='${SHELL} /dev/shm/python3.7/python3/clean/python3.7/ffi/libffi-3.2.1/missing autoconf'
AUTOHEADER='${SHELL} /dev/shm/python3.7/python3/clean/python3.7/ffi/libffi-3.2.1/missing autoheader'
AUTOMAKE='${SHELL} /dev/shm/python3.7/python3/clean/python3.7/ffi/libffi-3.2.1/missing automake-1.16'
AVR32_FALSE=''
AVR32_TRUE='#'
AWK='/usr/bin/gawk'
BFIN_FALSE=''
BFIN_TRUE='#'
CC='icc.pl -std=gnu89'
CCAS='icc.pl -std=gnu89'
CCASDEPMODE='depmode=gcc3'
CCASFLAGS='-g -O2 -fdebug-prefix-map=/dev/shm/python3.7/python3/clean/python3.7/ffi/libffi-3.2.1=. -Wformat -march=native -pipe -Wformat-security -Wa,--gdwarf-2'
CCDEPMODE='depmode=gcc3'
CFLAGS='-g -O2 -fdebug-prefix-map=/dev/shm/python3.7/python3/clean/python3.7/ffi/libffi-3.2.1=. -Wformat -march=native -pipe -Wformat-security  -Wall -fexceptions'
CPP='icc.pl -E'
CPPFLAGS='-Wdate-time -D_FORTIFY_SOURCE=2'
CXX='icpc.pl'
CXXCPP='icpc.pl -E'
CXXDEPMODE='depmode=gcc3'
CXXFLAGS='-g -O2'
CYGPATH_W='echo'
DEFS='-DHAVE_CONFIG_H'
DEPDIR='.deps'
DLLTOOL='false'
DSYMUTIL=''
DUMPBIN=''
ECHO_C=''
ECHO_N='-n'
ECHO_T='	'
EGREP='/bin/grep -E'
EXEEXT=''
FFI_DEBUG_FALSE=''
FFI_DEBUG_TRUE='#'
FFI_EXEC_TRAMPOLINE_TABLE='0'
FFI_EXEC_TRAMPOLINE_TABLE_FALSE=''
FFI_EXEC_TRAMPOLINE_TABLE_TRUE='#'
FGREP='/bin/grep -F'
FRV_FALSE=''
FRV_TRUE='#'
GREP='/bin/grep'
HAVE_LONG_DOUBLE='1'
HAVE_LONG_DOUBLE_VARIANT='0'
IA64_FALSE=''
IA64_TRUE='#'
INSTALL_DATA='${INSTALL} -m 644'
INSTALL_PROGRAM='${INSTALL}'
INSTALL_SCRIPT='${INSTALL}'
INSTALL_STRIP_PROGRAM='$(install_sh) -c -s'
LD='/usr/bin/ld -m elf_x86_64'
LDFLAGS='-Wl,-z,defs '
LIBFFI_CRIS_FALSE=''
LIBFFI_CRIS_TRUE='#'
LIBOBJS=''
LIBS=''
LIBTOOL='$(SHELL) $(top_builddir)/libtool'
LIPO=''
LN_S='ln -s'
LTLIBOBJS=''
LT_SYS_LIBRARY_PATH=''
M32R_FALSE=''
M32R_TRUE='#'
M68K_FALSE=''
M68K_TRUE='#'
M88K_FALSE=''
M88K_TRUE='#'
MAINT='#'
MAINTAINER_MODE_FALSE=''
MAINTAINER_MODE_TRUE='#'
MAKEINFO='${SHELL} /dev/shm/python3.7/python3/clean/python3.7/ffi/libffi-3.2.1/missing makeinfo'
MANIFEST_TOOL=':'
METAG_FALSE=''
METAG_TRUE='#'
MICROBLAZE_FALSE=''
MICROBLAZE_TRUE='#'
MIPS_FALSE=''
MIPS_TRUE='#'
MKDIR_P='/bin/mkdir -p'
MOXIE_FALSE=''
MOXIE_TRUE='#'
NIOS2_FALSE=''
NIOS2_TRUE='#'
NM='/usr/bin/x86_64-linux-gnu-nm -B'
NMEDIT=''
OBJDUMP='/usr/bin/x86_64-linux-gnu-objdump'
OBJEXT='o'
OR1K_FALSE=''
OR1K_TRUE='#'
OTOOL64=''
OTOOL=''
PA64_HPUX_FALSE=''
PA64_HPUX_TRUE='#'
PACKAGE='libffi'
PACKAGE_BUGREPORT='http://github.com/atgreen/libffi/issues'
PACKAGE_NAME='libffi'
PACKAGE_STRING='libffi 3.2.1'
PACKAGE_TARNAME='libffi'
PACKAGE_URL=''
PACKAGE_VERSION='3.2.1'
PATH_SEPARATOR=':'
PA_HPUX_FALSE=''
PA_HPUX_TRUE='#'
PA_LINUX_FALSE=''
PA_LINUX_TRUE='#'
POWERPC_AIX_FALSE=''
POWERPC_AIX_TRUE='#'
POWERPC_DARWIN_FALSE=''
POWERPC_DARWIN_TRUE='#'
POWERPC_FALSE=''
POWERPC_FREEBSD_FALSE=''
POWERPC_FREEBSD_TRUE='#'
POWERPC_TRUE='#'
PRTDIAG=''
RANLIB='/usr/bin/x86_64-linux-gnu-ranlib'
RISCV_FALSE=''
RISCV_TRUE='#'
S390_FALSE=''
S390_TRUE='#'
SED='/bin/sed'
SET_MAKE=''
SH64_FALSE=''
SH64_TRUE='#'
SHELL='/bin/bash'
SH_FALSE=''
SH_TRUE='#'
SPARC_FALSE=''
SPARC_TRUE='#'
STRIP='/usr/bin/x86_64-linux-gnu-strip'
TARGET='X86_64'
TARGETDIR='x86'
TESTSUBDIR_FALSE='#'
TESTSUBDIR_TRUE=''
TILE_FALSE=''
TILE_TRUE='#'
VAX_FALSE=''
VAX_TRUE='#'
VERSION='3.2.1'
X86_64_FALSE='#'
X86_64_TRUE=''
X86_DARWIN32_FALSE=''
X86_DARWIN32_TRUE='#'
X86_DARWIN64_FALSE=''
X86_DARWIN64_TRUE='#'
X86_DARWIN_FALSE=''
X86_DARWIN_TRUE='#'
X86_FALSE=''
X86_FREEBSD_FALSE=''
X86_FREEBSD_TRUE='#'
X86_TRUE='#'
X86_WIN32_FALSE=''
X86_WIN32_TRUE='#'
X86_WIN64_FALSE=''
X86_WIN64_TRUE='#'
XTENSA_FALSE=''
XTENSA_TRUE='#'
ac_ct_AR='xiar.pl'
ac_ct_CC='icc.pl'
ac_ct_CXX=''
ac_ct_DUMPBIN=''
am__EXEEXT_FALSE=''
am__EXEEXT_TRUE='#'
am__fastdepCCAS_FALSE='#'
am__fastdepCCAS_TRUE=''
am__fastdepCC_FALSE='#'
am__fastdepCC_TRUE=''
am__fastdepCXX_FALSE='#'
am__fastdepCXX_TRUE=''
am__include='include'
am__isrc=' -I$(srcdir)'
am__leading_dot='.'
am__nodep='_no'
am__quote=''
am__tar='$${TAR-tar} chof - "$$tardir"'
am__untar='$${TAR-tar} xf -'
ax_enable_builddir_sed='sed'
bindir='${exec_prefix}/bin'
build='x86_64-pc-linux-gnu'
build_alias='x86_64-linux-gnu'
build_cpu='x86_64'
build_os='linux-gnu'
build_vendor='pc'
datadir='${datarootdir}'
datarootdir='${prefix}/share'
docdir='${datarootdir}/doc/${PACKAGE}'
dvidir='${docdir}'
exec_prefix='${prefix}'
host='x86_64-pc-linux-gnu'
host_alias='x86_64-linux-gnu'
host_cpu='x86_64'
host_os='linux-gnu'
host_vendor='pc'
htmldir='${docdir}'
includedir='${prefix}/include'
infodir='${datarootdir}/info'
install_sh='${SHELL} /dev/shm/python3.7/python3/clean/python3.7/ffi/libffi-3.2.1/install-sh'
libdir='${exec_prefix}/lib'
libexecdir='${exec_prefix}/libexec'
localedir='${datarootdir}/locale'
localstatedir='/var'
mandir='${datarootdir}/man'
mkdir_p='$(MKDIR_P)'
oldincludedir='/usr/include'
pdfdir='${docdir}'
prefix='/usr'
program_transform_name='s,x,x,'
psdir='${docdir}'
runstatedir='${localstatedir}/run'
sbindir='${exec_prefix}/sbin'
sharedstatedir='/var'
sys_symbol_underscore='no'
sysconfdir='/etc'
target='x86_64-pc-linux-gnu'
target_alias='x86_64-linux-gnu'
target_cpu='x86_64'
target_os='linux-gnu'
target_vendor='pc'
toolexecdir='${exec_prefix}/lib/gcc-lib/$(target_alias)'
toolexeclibdir='${exec_prefix}/lib'

## ----------- ##
## confdefs.h. ##
## ----------- ##

/* confdefs.h */
#define PACKAGE_NAME "libffi"
#define PACKAGE_TARNAME "libffi"
#define PACKAGE_VERSION "3.2.1"
#define PACKAGE_STRING "libffi 3.2.1"
#define PACKAGE_BUGREPORT "http://github.com/atgreen/libffi/issues"
#define PACKAGE_URL ""
#define PACKAGE "libffi"
#define VERSION "3.2.1"
#define STDC_HEADERS 1
#define HAVE_SYS_TYPES_H 1
#define HAVE_SYS_STAT_H 1
#define HAVE_STDLIB_H 1
#define HAVE_STRING_H 1
#define HAVE_MEMORY_H 1
#define HAVE_STRINGS_H 1
#define HAVE_INTTYPES_H 1
#define HAVE_STDINT_H 1
#define HAVE_UNISTD_H 1
#define HAVE_DLFCN_H 1
#define LT_OBJDIR ".libs/"
#define SIZEOF_SIZE_T 8
#define HAVE_SYS_MMAN_H 1
#define HAVE_MMAP 1
#define HAVE_MKOSTEMP 1
#define HAVE_MMAP_FILE 1
#define HAVE_MMAP_DEV_ZERO 1
#define HAVE_MMAP_ANON 1
#define STDC_HEADERS 1
#define HAVE_MEMCPY 1
#define HAVE_ALLOCA_H 1
#define HAVE_ALLOCA 1
#define SIZEOF_DOUBLE 8
#define SIZEOF_LONG_DOUBLE 16
#define HAVE_LONG_DOUBLE 1
#define HAVE_AS_CFI_PSEUDO_OP 1
#define HAVE_AS_X86_PCREL 1
#define HAVE_AS_ASCII_PSEUDO_OP 1
#define HAVE_AS_STRING_PSEUDO_OP 1
#define HAVE_AS_X86_64_UNWIND_SECTION_TYPE 1
#define HAVE_RO_EH_FRAME 1
#define EH_FRAME_FLAGS "a"
#define HAVE_HIDDEN_VISIBILITY_ATTRIBUTE 1

configure: exit 0
